proguard/seeds.txt
com.seven.lock.ActvityInterceptService
com.seven.lock.ActvityInterceptService: ActvityInterceptService()
com.seven.lock.AppsReceiver
com.seven.lock.AppsReceiver: AppsReceiver()
com.seven.lock.HelperActivity
com.seven.lock.HelperActivity: HelperActivity()
com.seven.lock.HelperActivity: void onClick(android.view.View)
com.seven.lock.LockEncryActivity
com.seven.lock.LockEncryActivity: LockEncryActivity()
com.seven.lock.LockEncryActivity: void onClick(android.view.View)
com.seven.lock.LockFilterActivity
com.seven.lock.LockFilterActivity: LockFilterActivity()
com.seven.lock.LockFilterActivity: void onClick(android.view.View)
com.seven.lock.LockMain
com.seven.lock.LockMain: LockMain()
com.seven.lock.LockScreenService
com.seven.lock.LockScreenService: LockScreenService()
com.seven.lock.Main
com.seven.lock.Main: Main()
com.seven.lock.Main: void onClick(android.view.View)
com.seven.lock.RefreshReceiver
com.seven.lock.SettingActivity
com.seven.lock.SettingActivity: SettingActivity()
com.seven.lock.SettingActivity: void onClick(android.view.View)
com.seven.lock.base.BaseActivity
com.seven.lock.base.BaseActivity: BaseActivity()
com.seven.lock.db.AppsProvider
com.seven.lock.db.AppsProvider: AppsProvider()
com.seven.lock.pattern.ChooseLockPattern
com.seven.lock.pattern.ChooseLockPattern: ChooseLockPattern()
com.seven.lock.pattern.ChooseLockPattern: void onClick(android.view.View)
com.seven.lock.pattern.ChooseLockPattern$LeftButtonMode: com.seven.lock.pattern.ChooseLockPattern$LeftButtonMode[] values()
com.seven.lock.pattern.ChooseLockPattern$LeftButtonMode: com.seven.lock.pattern.ChooseLockPattern$LeftButtonMode valueOf(java.lang.String)
com.seven.lock.pattern.ChooseLockPattern$RightButtonMode: com.seven.lock.pattern.ChooseLockPattern$RightButtonMode[] values()
com.seven.lock.pattern.ChooseLockPattern$RightButtonMode: com.seven.lock.pattern.ChooseLockPattern$RightButtonMode valueOf(java.lang.String)
com.seven.lock.pattern.ChooseLockPattern$Stage: com.seven.lock.pattern.ChooseLockPattern$Stage[] values()
com.seven.lock.pattern.ChooseLockPattern$Stage: com.seven.lock.pattern.ChooseLockPattern$Stage valueOf(java.lang.String)
com.seven.lock.pattern.ChooseLockPatternExample
com.seven.lock.pattern.ChooseLockPatternExample: ChooseLockPatternExample()
com.seven.lock.pattern.ChooseLockPatternExample: void onClick(android.view.View)
com.seven.lock.pattern.ChooseLockPatternTutorial
com.seven.lock.pattern.ChooseLockPatternTutorial: ChooseLockPatternTutorial()
com.seven.lock.pattern.ChooseLockPatternTutorial: void onClick(android.view.View)
com.seven.lock.pattern.PatternMain
com.seven.lock.pattern.PatternMain: PatternMain()
com.seven.lock.pattern.PatternMain$LeftButtonMode: com.seven.lock.pattern.PatternMain$LeftButtonMode[] values()
com.seven.lock.pattern.PatternMain$LeftButtonMode: com.seven.lock.pattern.PatternMain$LeftButtonMode valueOf(java.lang.String)
com.seven.lock.pattern.PatternMain$RightButtonMode: com.seven.lock.pattern.PatternMain$RightButtonMode[] values()
com.seven.lock.pattern.PatternMain$RightButtonMode: com.seven.lock.pattern.PatternMain$RightButtonMode valueOf(java.lang.String)
com.seven.lock.pattern.PatternMain$Stage: com.seven.lock.pattern.PatternMain$Stage[] values()
com.seven.lock.pattern.PatternMain$Stage: com.seven.lock.pattern.PatternMain$Stage valueOf(java.lang.String)
com.seven.lock.view.LockPatternView
com.seven.lock.view.LockPatternView: LockPatternView(android.content.Context)
com.seven.lock.view.LockPatternView: LockPatternView(android.content.Context,android.util.AttributeSet)
com.seven.lock.view.LockPatternView$DisplayMode: com.seven.lock.view.LockPatternView$DisplayMode[] values()
com.seven.lock.view.LockPatternView$DisplayMode: com.seven.lock.view.LockPatternView$DisplayMode valueOf(java.lang.String)
com.seven.lock.view.LockPatternView$SavedState
com.seven.lock.view.LockPatternView$SavedState: android.os.Parcelable$Creator CREATOR
...
com.kuguo.ad.BoutiqueActivity
com.kuguo.ad.BoutiqueActivity: BoutiqueActivity()
com.kuguo.ad.MainActivity
com.kuguo.ad.MainActivity: MainActivity()
com.kuguo.ad.MainReceiver
com.kuguo.ad.MainReceiver: MainReceiver()
com.kuguo.ad.MainService
com.kuguo.ad.MainService: MainService()
com.kuguo.ui.FoldView
com.kuguo.ui.FoldView: FoldView(android.content.Context,android.util.AttributeSet)
com.kuguo.ui.ImageGallery
com.kuguo.ui.ImageGallery: ImageGallery(android.content.Context,android.util.AttributeSet)
com.kuguo.ui.Workspace
com.kuguo.ui.Workspace: Workspace(android.content.Context,android.util.AttributeSet)
com.umeng.analytics.Gender: com.umeng.analytics.Gender[] values()
com.umeng.analytics.Gender: com.umeng.analytics.Gender valueOf(java.lang.String)
com.umeng.common.net.DownloadingService
com.umeng.common.net.h$a: com.umeng.common.net.h$a[] values()
com.umeng.common.net.h$a: com.umeng.common.net.h$a valueOf(java.lang.String)
com.umeng.common.net.i$b: com.umeng.common.net.i$b[] values()
com.umeng.common.net.i$b: com.umeng.common.net.i$b valueOf(java.lang.String)