proguard/mapping.txt
com.seven.lock.ActvityInterceptService -> com.seven.lock.ActvityInterceptService:
    boolean flag -> a
    com.seven.lock.util.PreferencesHelper helper -> b
    java.lang.String[] apps -> c
    java.lang.String crrentPackage -> d
    android.os.AsyncTask taskWatcher -> e
    java.lang.String thisPackage -> f
    android.app.ActivityManager am -> g
    android.content.Intent mintent -> h
    android.content.BroadcastReceiver switchReceiver -> i
    android.os.IBinder onBind(android.content.Intent) -> onBind
    void stopTask() -> a
    void startTask() -> b
    int onStartCommand(android.content.Intent,int,int) -> onStartCommand
    void access$0(com.seven.lock.ActvityInterceptService,java.lang.String[]) -> a
    boolean access$1(com.seven.lock.ActvityInterceptService) -> a
    android.app.ActivityManager access$2(com.seven.lock.ActvityInterceptService) -> b
    java.lang.String access$3(com.seven.lock.ActvityInterceptService) -> c
    boolean access$4(com.seven.lock.ActvityInterceptService,java.lang.String) -> a
    android.content.Intent access$5(com.seven.lock.ActvityInterceptService) -> d
    void access$6(com.seven.lock.ActvityInterceptService,java.lang.String) -> b
com.seven.lock.ActvityInterceptService$1 -> com.seven.lock.a:
    com.seven.lock.ActvityInterceptService this$0 -> a
    void onReceive(android.content.Context,android.content.Intent) -> onReceive
com.seven.lock.ActvityInterceptService$2 -> com.seven.lock.b:
    com.seven.lock.ActvityInterceptService this$0 -> a
    java.lang.Object doInBackground(java.lang.Object[]) -> doInBackground
com.seven.lock.AppsReceiver -> com.seven.lock.AppsReceiver:
    void onReceive(android.content.Context,android.content.Intent) -> onReceive
com.seven.lock.HelperActivity -> com.seven.lock.HelperActivity:
    android.widget.ImageView imageView1 -> a
    void onCreate(android.os.Bundle) -> onCreate
    void onClick(android.view.View) -> onClick
com.seven.lock.LockEncryActivity -> com.seven.lock.LockEncryActivity:
    com.seven.lock.view.SwitchView password_switch -> a
    android.widget.LinearLayout app_list_linear -> b
    android.view.LayoutInflater flater -> c
    com.seven.lock.util.PreferencesHelper helper -> d
    com.seven.lock.util.AppsManager appsManager -> e
    android.app.ProgressDialog dialog -> f
    android.view.View view -> g
    android.widget.TextView app_name -> h
    android.widget.ImageView app_icon -> i
    com.seven.lock.view.SwitchView app_switch -> j
    android.os.Handler mHandler -> k
    java.lang.Runnable initListApps -> l
    void onCreate(android.os.Bundle) -> onCreate
    void onClick(android.view.View) -> onClick
    void onCreateContextMenu(android.view.ContextMenu,android.view.View,android.view.ContextMenu$ContextMenuInfo) -> onCreateContextMenu
    boolean onContextItemSelected(android.view.MenuItem) -> onContextItemSelected
    void onRefresh$505cff1c(int) -> a
    android.view.LayoutInflater access$0(com.seven.lock.LockEncryActivity) -> a
    void access$1(com.seven.lock.LockEncryActivity,android.view.View) -> a
    android.view.View access$2(com.seven.lock.LockEncryActivity) -> b
    void access$3(com.seven.lock.LockEncryActivity,android.widget.TextView) -> a
    void access$4(com.seven.lock.LockEncryActivity,android.widget.ImageView) -> a
    void access$5(com.seven.lock.LockEncryActivity,com.seven.lock.view.SwitchView) -> a
com.seven.lock.LockEncryActivity$1 -> com.seven.lock.c:
    com.seven.lock.LockEncryActivity this$0 -> a
    void handleMessage(android.os.Message) -> handleMessage
com.seven.lock.LockEncryActivity$2 -> com.seven.lock.d:
    com.seven.lock.LockEncryActivity this$0 -> a
    void run() -> run
...
com.kuguo.ad.s -> com.kuguo.ad.ai:
    float a -> a
    float b -> b
    float c -> c
    float d -> d
    float e -> e
    float f -> f
    android.view.WindowManager g -> g
    int h -> h
    int i -> i
    int j -> j
    int k -> k
    com.kuguo.ad.j l -> l
    com.kuguo.ad.s m -> m
    com.kuguo.ad.s n -> n
    android.view.WindowManager$LayoutParams o -> o
    int p -> p
    android.content.Context q -> q
    com.kuguo.ad.s a(android.content.Context,int) -> a
    boolean onTouchEvent(android.view.MotionEvent) -> onTouchEvent
    void b() -> a
com.kuguo.ad.t -> com.kuguo.ad.aj:
    com.kuguo.ad.q a -> a
    void handleMessage(android.os.Message) -> handleMessage
com.kuguo.ad.u -> com.kuguo.ad.ak:
    com.kuguo.ad.g a -> a
    void run() -> run
com.kuguo.ad.v -> com.kuguo.ad.al:
    com.kuguo.ad.MainService a -> a
    void handleMessage(android.os.Message) -> handleMessage
com.kuguo.ad.w -> com.kuguo.ad.am:
    com.kuguo.ad.g a -> a
    void handleMessage(android.os.Message) -> handleMessage
com.kuguo.ad.x -> com.kuguo.ad.an:
    android.content.Context a -> a
    com.kuguo.ad.o b -> b
    android.os.Handler c -> c
    int d -> d
    void a(com.kuguo.a.d,int) -> a
    void a(com.kuguo.a.d,long) -> a
com.kuguo.ad.y -> com.kuguo.ad.ao:
    com.kuguo.ad.n a -> a
    void handleMessage(android.os.Message) -> handleMessage
com.kuguo.ad.z -> com.kuguo.ad.ap:
    void a(com.kuguo.ad.o[]) -> a
com.kuguo.b.a -> com.kuguo.b.a:
    org.apache.http.client.HttpClient b -> b
    void a() -> a
    void b() -> b
com.kuguo.b.b -> com.kuguo.b.b:
    com.kuguo.b.h b -> b
    java.lang.Exception c -> c
    int d -> d
    java.util.Map e -> e
    com.kuguo.b.c f -> f
    float g -> g
    com.kuguo.b.e h -> h
    java.io.InputStream i -> i
    android.content.Context a -> a
    boolean c() -> c
    com.kuguo.b.h d() -> d
    void e() -> e
    void a() -> a
    void b() -> b
    java.io.InputStream f() -> f
    void a(java.io.InputStream) -> a
    java.util.Map g() -> g
    void a(java.util.Map) -> a
    int h() -> h
    void a(int) -> a
    java.lang.Exception i() -> i
    void a(java.lang.Exception) -> a
    void a(com.kuguo.b.c) -> a
    float j() -> j
    com.kuguo.b.e k() -> k
    boolean l() -> l
com.kuguo.b.c -> com.kuguo.b.c:
    void a(com.kuguo.b.b,int) -> a
com.kuguo.b.d -> com.kuguo.b.d:
    boolean a -> a
    java.util.List b -> b
    void a$13462e() -> a
    void a(com.kuguo.b.b) -> a
com.kuguo.b.e -> com.kuguo.b.e:
    java.lang.String a -> a
    int b -> b
    java.lang.String a() -> a
    int b() -> b
com.kuguo.b.f -> com.kuguo.b.f:
    java.lang.Thread b -> b
    int c -> c
    com.kuguo.b.d a -> a
    java.lang.String toString() -> toString
    boolean a(com.kuguo.b.b) -> a
    void a() -> a
    boolean add(java.lang.Object) -> add
    java.lang.Thread a$3a9a3883(com.kuguo.b.f) -> a
com.kuguo.b.g -> com.kuguo.b.g:
    com.kuguo.b.f a -> a
    void run() -> run
com.kuguo.b.h -> com.kuguo.b.h:
    java.lang.String a -> a
    java.util.Map b -> b
    java.util.Map c -> c
    int d -> d
    boolean e -> e
    void a(java.lang.String,java.lang.Object) -> a
    java.util.Map a() -> a
    int b() -> b
    java.lang.String c() -> c
    java.lang.String d() -> d
    java.lang.String toString() -> toString
com.kuguo.c.b -> com.kuguo.c.a:
    java.util.regex.Pattern a -> a
    java.lang.String a(java.lang.String) -> a
com.kuguo.c.c -> com.kuguo.c.b:
    java.util.Map a -> a
    int b -> b
    android.graphics.Bitmap a$95b9725(java.lang.String) -> a
    android.graphics.drawable.Drawable b(android.content.Context,java.lang.String) -> a