proguard/usage.txt
com.seven.lock.ActvityInterceptService:
    public static final java.lang.String RECEIVER
    private static final int sheepTime
    154:168:public static boolean isServiceRunning(android.content.Context,java.lang.String)
com.seven.lock.BuildConfig
com.seven.lock.LockEncryActivity:
    public static final java.lang.String IsCloseSHOW
    private static final int MSG_DISMISS_PROGRESS_DIALOG
    private static final int MSG_UPDATE_LIST
    private static final int MENU_ID
com.seven.lock.LockFilterActivity:
    public static final int MSG_DISMISS_PROGRESS_DIALOG
    public static final int MSG_UPDATE_LIST
    private static final int MENU_ID
com.seven.lock.LockScreenService:
    public static final java.lang.String ACT_SCREEN_OFF
    public static final java.lang.String ACT_SCREEN_ON
com.seven.lock.Main:
    private static final java.lang.String KEY
com.seven.lock.R
com.seven.lock.R$anim
com.seven.lock.R$attr
com.seven.lock.R$color
com.seven.lock.R$dimen
com.seven.lock.R$drawable
com.seven.lock.R$id
com.seven.lock.R$layout
com.seven.lock.R$menu
com.seven.lock.R$string
com.seven.lock.R$style
com.seven.lock.RefreshReceiver:
    public static final java.lang.String RECEIVER
com.seven.lock.SettingActivity:
    public static final java.lang.String LOCK_SCREEN_ON_OFF
    private static final int MSG_START
    private static final int MSG_END
com.seven.lock.db.AppsProvider:
    public static final java.lang.String TABLE_NAME
    private static final java.lang.String PROVIDERNAME
com.seven.lock.db.DatabaseHelper:
    private static final java.lang.String DATABASE_NAME
    private static final int DATABASE_VERSION
com.seven.lock.db.UriManager:
    private static final java.lang.String AUTHORITY
com.seven.lock.pattern.ChooseLockPattern:
    static final int RESULT_FINISHED
    static final int INFORMATION_MSG_TIMEOUT_MS
    private static final int WRONG_PATTERN_CLEAR_TIMEOUT_MS
    private static final int ID_EMPTY_MESSAGE
    private static final java.lang.String KEY_UI_STAGE
    private static final java.lang.String KEY_PATTERN_CHOICE
com.seven.lock.pattern.ChooseLockPatternExample:
    private static final int REQUESTCODE_CHOOSE
    private static final long START_DELAY
com.seven.lock.pattern.ChooseLockPatternTutorial:
    private static final int REQUESTCODE_EXAMPLE
com.seven.lock.pattern.PatternMain:
    static final int RESULT_FINISHED
    static final int INFORMATION_MSG_TIMEOUT_MS
    private static final int WRONG_PATTERN_CLEAR_TIMEOUT_MS
    private static final int ID_EMPTY_MESSAGE
    private static final java.lang.String KEY_UI_STAGE
    private static final java.lang.String KEY_PATTERN_CHOICE
com.seven.lock.util.IconBitmapUtil:
    18:18:public IconBitmapUtil()
    67:75:public static android.graphics.Bitmap drawableToBitmap(android.graphics.drawable.Drawable)
com.seven.lock.util.KeyguardUtil:
    40:42:public boolean isLockScreen()
com.seven.lock.util.ObjConverUtil:
    12:12:public ObjConverUtil()
com.seven.lock.view.LockPatternUtils:
    public static final int FAILED_ATTEMPTS_BEFORE_TIMEOUT
    public static final int FAILED_ATTEMPTS_BEFORE_RESET
    public static final long FAILED_ATTEMPT_TIMEOUT_MS
    public static final long FAILED_ATTEMPT_COUNTDOWN_INTERVAL_MS
    public static final int MIN_LOCK_PATTERN_SIZE
    public static final int MIN_PATTERN_REGISTER_FAIL
    public static final java.lang.String PatternPwd
    public static final java.lang.String PatternSwitch
com.seven.lock.view.LockPatternView:
    private static final boolean PROFILE_DRAWING
    static final int STATUS_BAR_HEIGHT
    private static final int MILLIS_PER_CIRCLE_ANIMATING
    294:294:public boolean isInStealthMode()
    301:301:public boolean isTactileFeedbackEnabled()
    311:312:public void setInStealthMode(boolean)
    321:322:public void setTactileFeedbackEnabled(boolean)
...
android.annotation.SuppressLint
android.annotation.TargetApi
com.kuguo.ad.KuguoAdsManager:
    public static final int STYLE_SIDE
    public static final int STYLE_FREE
    public void stopPushMessage(android.content.Context)
com.kuguo.ad.MainService:
    public static void a(android.content.Context)
com.kuguo.ad.a:
    public a()
com.kuguo.ad.ae
com.kuguo.ad.b:
    public b()
com.kuguo.ad.r:
    public r()
com.kuguo.c.a:
    public a()
com.kuguo.c.b:
    public b()
com.kuguo.c.c:
    public c()
com.kuguo.c.d:
    public d()
com.umeng.analytics.Gender
com.umeng.analytics.MobclickAgent:
    private static final int h
    private static final int i
    private static final int j
    private static final int k
    private static final int l
    private static final int m
    private static final int n
    private static final java.lang.String p
    private static final java.lang.String q
    private static final java.lang.String r
    private static final java.lang.String s
    private static final java.lang.String t
    private static final java.lang.String u
    private static final java.lang.String v
    private static final java.lang.String w
    private static final java.lang.String x
    private static final java.lang.String y
    private static final java.lang.String z
    private static final java.lang.String A
    private static final java.lang.String B
    private static final java.lang.String C
    private static final java.lang.String D
    private static final java.lang.String E
    private static final java.lang.String F
    private static final java.lang.String G
    private static final java.lang.String H
    private static final java.lang.String I
    private static final java.lang.String J
    private static final java.lang.String K
    private static final java.lang.String L
    private static final java.lang.String M
    private static final java.lang.String N
    private static final java.lang.String O
    private static final java.lang.String P
com.umeng.analytics.MobclickAgent$1
com.umeng.analytics.MobclickAgent$a:
    MobclickAgent$a(android.content.Context,java.lang.String,java.util.Map,java.lang.String,int)
com.umeng.analytics.ReportPolicy
com.umeng.analytics.a:
    static final java.lang.String a
    static final java.lang.String b
    static final java.lang.String c
    static final int e
    static final int f
    static final java.lang.String o
    static final java.lang.String q
    static final java.lang.String r
    static final java.lang.String t
    static final java.lang.String u
    static final java.lang.String v
    static final java.lang.String w
    static final java.lang.String x
    static final java.lang.String y
    static final java.lang.String z
    static final java.lang.String A
    static final java.lang.String B
    a()
com.umeng.analytics.b:
    b()
com.umeng.common.Log:
    public Log()
    public static void d(java.lang.String,java.lang.String)
    public static void d(java.lang.String,java.lang.String,java.lang.Exception)
    public static void e(java.lang.String,java.lang.String,java.lang.Exception)
com.umeng.common.a
com.umeng.common.a.a:
    public a()
com.umeng.common.a.b:
    public b()